                                                                                                                        
>>>>>>>>>>>>>>>>>>>>>>>>>>>>>>>>>>>>>>>>>>>>>>>>>>>>>>>>>>>>>>>>>>>>>>>>>>>>>>>>>>>>>>>>>>>>>>>>>>>>>>>>>>>>>>>>>>>>>>>>
2025-11-10 16:21:28,797 - INFO - START AI_Grading_Plan_Assistant =============================================
2025-11-10 16:21:28,797 - INFO - START AI_Grading_Plan_Assistant Start Time = 2025-11-10 16:21:28
2025-11-10 16:21:28,797 - INFO - AI_Grading_Plan_Assistant Step 0 - Initialize the configuration file parser
2025-11-10 16:21:28,797 - INFO - Process AI_Grading_Plan_Assistant Step 0 - Initializing and starting Logging Process.
2025-11-10 16:21:28,881 - INFO - PERFORMANCE AI_Grading_Plan_Assistant The total process duration was:0.08
2025-11-10 16:21:28,881 - INFO - PERFORMANCE AI_Grading_Plan_Assistant Stop Time = 2025-11-10 16:21:28
2025-11-10 16:21:28,882 - INFO - PERFORMANCE AI_Grading_Plan_Assistant Short process duration less than 3 Seconds:0.08
2025-11-10 16:21:28,882 - INFO - PERFORMANCE AI_Grading_Plan_Assistant Performance optimization is not reccomended
2025-11-10 16:21:28,882 - INFO - END AI_Grading_Plan_Assistant =============================================

<<<<<<<<<<<<<<<<<<<<<<<<<<<<<<<<<<<<<<<<<<<<<<<<<<<<<<<<<<<<<<<<<<<<<<<<<<<<<<<<<<<<<<<<<<<<<<<<<<<<<<<<<<<<<<<<<<<<<<<<
                                                                                                                        
                                                                                                                        
>>>>>>>>>>>>>>>>>>>>>>>>>>>>>>>>>>>>>>>>>>>>>>>>>>>>>>>>>>>>>>>>>>>>>>>>>>>>>>>>>>>>>>>>>>>>>>>>>>>>>>>>>>>>>>>>>>>>>>>>
2025-11-10 16:25:14,006 - INFO - START AI_Grading_Plan_Assistant =============================================
2025-11-10 16:25:14,006 - INFO - START AI_Grading_Plan_Assistant Start Time = 2025-11-10 16:25:14
2025-11-10 16:25:14,007 - INFO - AI_Grading_Plan_Assistant Step 0 - Initialize the configuration file parser
2025-11-10 16:25:14,007 - INFO - Process AI_Grading_Plan_Assistant Step 0 - Initializing and starting Logging Process.
2025-11-10 16:25:14,099 - INFO - PERFORMANCE AI_Grading_Plan_Assistant The total process duration was:0.09
2025-11-10 16:25:14,099 - INFO - PERFORMANCE AI_Grading_Plan_Assistant Stop Time = 2025-11-10 16:25:14
2025-11-10 16:25:14,099 - INFO - PERFORMANCE AI_Grading_Plan_Assistant Short process duration less than 3 Seconds:0.09
2025-11-10 16:25:14,099 - INFO - PERFORMANCE AI_Grading_Plan_Assistant Performance optimization is not reccomended
2025-11-10 16:25:14,099 - INFO - END AI_Grading_Plan_Assistant =============================================

<<<<<<<<<<<<<<<<<<<<<<<<<<<<<<<<<<<<<<<<<<<<<<<<<<<<<<<<<<<<<<<<<<<<<<<<<<<<<<<<<<<<<<<<<<<<<<<<<<<<<<<<<<<<<<<<<<<<<<<<
                                                                                                                        
